0    [main] DEBUG org.springframework.core.env.StandardEnvironment  - Initializing new StandardEnvironment
11   [main] DEBUG org.springframework.core.env.StandardEnvironment  - Adding [systemProperties] PropertySource with lowest search precedence
14   [main] DEBUG org.springframework.core.env.StandardEnvironment  - Adding [systemEnvironment] PropertySource with lowest search precedence
15   [main] DEBUG org.springframework.core.env.StandardEnvironment  - Initialized StandardEnvironment with PropertySources [systemProperties,systemEnvironment]
43   [main] INFO  org.springframework.context.support.ClassPathXmlApplicationContext  - Refreshing org.springframework.context.support.ClassPathXmlApplicationContext@2586d9a: startup date [Wed Aug 28 18:45:43 CEST 2013]; root of context hierarchy
181  [main] DEBUG org.springframework.core.env.StandardEnvironment  - Initializing new StandardEnvironment
182  [main] DEBUG org.springframework.core.env.StandardEnvironment  - Adding [systemProperties] PropertySource with lowest search precedence
182  [main] DEBUG org.springframework.core.env.StandardEnvironment  - Adding [systemEnvironment] PropertySource with lowest search precedence
183  [main] DEBUG org.springframework.core.env.StandardEnvironment  - Initialized StandardEnvironment with PropertySources [systemProperties,systemEnvironment]
185  [main] DEBUG org.springframework.core.env.StandardEnvironment  - Initializing new StandardEnvironment
186  [main] DEBUG org.springframework.core.env.StandardEnvironment  - Adding [systemProperties] PropertySource with lowest search precedence
186  [main] DEBUG org.springframework.core.env.StandardEnvironment  - Adding [systemEnvironment] PropertySource with lowest search precedence
187  [main] DEBUG org.springframework.core.env.StandardEnvironment  - Initialized StandardEnvironment with PropertySources [systemProperties,systemEnvironment]
215  [main] INFO  org.springframework.beans.factory.xml.XmlBeanDefinitionReader  - Loading XML bean definitions from class path resource [spring.xml]
229  [main] DEBUG org.springframework.beans.factory.xml.DefaultDocumentLoader  - Using JAXP provider [com.sun.org.apache.xerces.internal.jaxp.DocumentBuilderFactoryImpl]
285  [main] DEBUG org.springframework.beans.factory.xml.PluggableSchemaResolver  - Loading schema mappings from [META-INF/spring.schemas]
302  [main] DEBUG org.springframework.beans.factory.xml.PluggableSchemaResolver  - Loaded schema mappings: {http://www.springframework.org/schema/util/spring-util.xsd=org/springframework/beans/factory/xml/spring-util-3.2.xsd, http://www.springframework.org/schema/jee/spring-jee-3.2.xsd=org/springframework/ejb/config/spring-jee-3.2.xsd, http://www.springframework.org/schema/beans/spring-beans-3.1.xsd=org/springframework/beans/factory/xml/spring-beans-3.1.xsd, http://www.springframework.org/schema/task/spring-task.xsd=org/springframework/scheduling/config/spring-task-3.2.xsd, http://www.springframework.org/schema/cache/spring-cache.xsd=org/springframework/cache/config/spring-cache-3.2.xsd, http://www.springframework.org/schema/aop/spring-aop-3.0.xsd=org/springframework/aop/config/spring-aop-3.0.xsd, http://www.springframework.org/schema/task/spring-task-3.1.xsd=org/springframework/scheduling/config/spring-task-3.1.xsd, http://www.springframework.org/schema/aop/spring-aop-2.0.xsd=org/springframework/aop/config/spring-aop-2.0.xsd, http://www.springframework.org/schema/tool/spring-tool-2.5.xsd=org/springframework/beans/factory/xml/spring-tool-2.5.xsd, http://www.springframework.org/schema/beans/spring-beans.xsd=org/springframework/beans/factory/xml/spring-beans-3.2.xsd, http://www.springframework.org/schema/jee/spring-jee-2.5.xsd=org/springframework/ejb/config/spring-jee-2.5.xsd, http://www.springframework.org/schema/tool/spring-tool-3.1.xsd=org/springframework/beans/factory/xml/spring-tool-3.1.xsd, http://www.springframework.org/schema/jee/spring-jee-3.1.xsd=org/springframework/ejb/config/spring-jee-3.1.xsd, http://www.springframework.org/schema/aop/spring-aop.xsd=org/springframework/aop/config/spring-aop-3.2.xsd, http://www.springframework.org/schema/context/spring-context-3.2.xsd=org/springframework/context/config/spring-context-3.2.xsd, http://www.springframework.org/schema/util/spring-util-3.2.xsd=org/springframework/beans/factory/xml/spring-util-3.2.xsd, http://www.springframework.org/schema/beans/spring-beans-2.0.xsd=org/springframework/beans/factory/xml/spring-beans-2.0.xsd, http://www.springframework.org/schema/lang/spring-lang-3.2.xsd=org/springframework/scripting/config/spring-lang-3.2.xsd, http://www.springframework.org/schema/beans/spring-beans-3.0.xsd=org/springframework/beans/factory/xml/spring-beans-3.0.xsd, http://www.springframework.org/schema/cache/spring-cache-3.2.xsd=org/springframework/cache/config/spring-cache-3.2.xsd, http://www.springframework.org/schema/task/spring-task-3.0.xsd=org/springframework/scheduling/config/spring-task-3.0.xsd, http://www.springframework.org/schema/context/spring-context-2.5.xsd=org/springframework/context/config/spring-context-2.5.xsd, http://www.springframework.org/schema/tool/spring-tool-3.0.xsd=org/springframework/beans/factory/xml/spring-tool-3.0.xsd, http://www.springframework.org/schema/util/spring-util-2.5.xsd=org/springframework/beans/factory/xml/spring-util-2.5.xsd, http://www.springframework.org/schema/tool/spring-tool-2.0.xsd=org/springframework/beans/factory/xml/spring-tool-2.0.xsd, http://www.springframework.org/schema/lang/spring-lang.xsd=org/springframework/scripting/config/spring-lang-3.2.xsd, http://www.springframework.org/schema/lang/spring-lang-2.5.xsd=org/springframework/scripting/config/spring-lang-2.5.xsd, http://www.springframework.org/schema/aop/spring-aop-3.2.xsd=org/springframework/aop/config/spring-aop-3.2.xsd, http://www.springframework.org/schema/jee/spring-jee-3.0.xsd=org/springframework/ejb/config/spring-jee-3.0.xsd, http://www.springframework.org/schema/jee/spring-jee-2.0.xsd=org/springframework/ejb/config/spring-jee-2.0.xsd, http://www.springframework.org/schema/context/spring-context-3.1.xsd=org/springframework/context/config/spring-context-3.1.xsd, http://www.springframework.org/schema/util/spring-util-3.1.xsd=org/springframework/beans/factory/xml/spring-util-3.1.xsd, http://www.springframework.org/schema/lang/spring-lang-3.1.xsd=org/springframework/scripting/config/spring-lang-3.1.xsd, http://www.springframework.org/schema/cache/spring-cache-3.1.xsd=org/springframework/cache/config/spring-cache-3.1.xsd, http://www.springframework.org/schema/context/spring-context.xsd=org/springframework/context/config/spring-context-3.2.xsd, http://www.springframework.org/schema/jee/spring-jee.xsd=org/springframework/ejb/config/spring-jee-3.2.xsd, http://www.springframework.org/schema/aop/spring-aop-2.5.xsd=org/springframework/aop/config/spring-aop-2.5.xsd, http://www.springframework.org/schema/beans/spring-beans-3.2.xsd=org/springframework/beans/factory/xml/spring-beans-3.2.xsd, http://www.springframework.org/schema/aop/spring-aop-3.1.xsd=org/springframework/aop/config/spring-aop-3.1.xsd, http://www.springframework.org/schema/task/spring-task-3.2.xsd=org/springframework/scheduling/config/spring-task-3.2.xsd, http://www.springframework.org/schema/context/spring-context-3.0.xsd=org/springframework/context/config/spring-context-3.0.xsd, http://www.springframework.org/schema/tool/spring-tool.xsd=org/springframework/beans/factory/xml/spring-tool-3.2.xsd, http://www.springframework.org/schema/util/spring-util-3.0.xsd=org/springframework/beans/factory/xml/spring-util-3.0.xsd, http://www.springframework.org/schema/util/spring-util-2.0.xsd=org/springframework/beans/factory/xml/spring-util-2.0.xsd, http://www.springframework.org/schema/lang/spring-lang-3.0.xsd=org/springframework/scripting/config/spring-lang-3.0.xsd, http://www.springframework.org/schema/lang/spring-lang-2.0.xsd=org/springframework/scripting/config/spring-lang-2.0.xsd, http://www.springframework.org/schema/tool/spring-tool-3.2.xsd=org/springframework/beans/factory/xml/spring-tool-3.2.xsd, http://www.springframework.org/schema/beans/spring-beans-2.5.xsd=org/springframework/beans/factory/xml/spring-beans-2.5.xsd}
329  [main] DEBUG org.springframework.beans.factory.xml.PluggableSchemaResolver  - Found XML schema [http://www.springframework.org/schema/beans/spring-beans-3.0.xsd] in classpath: org/springframework/beans/factory/xml/spring-beans-3.0.xsd
507  [main] DEBUG org.springframework.beans.factory.xml.PluggableSchemaResolver  - Found XML schema [http://www.springframework.org/schema/context/spring-context-3.0.xsd] in classpath: org/springframework/context/config/spring-context-3.0.xsd
521  [main] DEBUG org.springframework.beans.factory.xml.PluggableSchemaResolver  - Found XML schema [http://www.springframework.org/schema/tool/spring-tool-3.0.xsd] in classpath: org/springframework/beans/factory/xml/spring-tool-3.0.xsd
578  [main] DEBUG org.springframework.beans.factory.xml.DefaultBeanDefinitionDocumentReader  - Loading bean definitions
601  [main] DEBUG org.springframework.beans.factory.xml.DefaultNamespaceHandlerResolver  - Loaded NamespaceHandler mappings: {http://www.springframework.org/schema/p=org.springframework.beans.factory.xml.SimplePropertyNamespaceHandler, http://www.springframework.org/schema/util=org.springframework.beans.factory.xml.UtilNamespaceHandler, http://www.springframework.org/schema/jee=org.springframework.ejb.config.JeeNamespaceHandler, http://www.springframework.org/schema/aop=org.springframework.aop.config.AopNamespaceHandler, http://www.springframework.org/schema/cache=org.springframework.cache.config.CacheNamespaceHandler, http://www.springframework.org/schema/c=org.springframework.beans.factory.xml.SimpleConstructorNamespaceHandler, http://www.springframework.org/schema/task=org.springframework.scheduling.config.TaskNamespaceHandler, http://www.springframework.org/schema/lang=org.springframework.scripting.config.LangNamespaceHandler, http://www.springframework.org/schema/context=org.springframework.context.config.ContextNamespaceHandler}
643  [main] DEBUG org.springframework.core.env.StandardEnvironment  - Initializing new StandardEnvironment
643  [main] DEBUG org.springframework.core.env.StandardEnvironment  - Adding [systemProperties] PropertySource with lowest search precedence
643  [main] DEBUG org.springframework.core.env.StandardEnvironment  - Adding [systemEnvironment] PropertySource with lowest search precedence
644  [main] DEBUG org.springframework.core.env.StandardEnvironment  - Initialized StandardEnvironment with PropertySources [systemProperties,systemEnvironment]
677  [main] DEBUG org.springframework.core.io.support.PathMatchingResourcePatternResolver  - Looking for matching resources in directory tree [C:\PROJETS\TWS PROJETS\TableObjectMapper\target\test-classes\com\myamoto\exceltoobject4j]
677  [main] DEBUG org.springframework.core.io.support.PathMatchingResourcePatternResolver  - Searching directory [C:\PROJETS\TWS PROJETS\TableObjectMapper\target\test-classes\com\myamoto\exceltoobject4j] for files matching pattern [C:/PROJETS/TWS PROJETS/TableObjectMapper/target/test-classes/com/myamoto/exceltoobject4j/**/*.class]
681  [main] DEBUG org.springframework.core.io.support.PathMatchingResourcePatternResolver  - Searching directory [C:\PROJETS\TWS PROJETS\TableObjectMapper\target\test-classes\com\myamoto\exceltoobject4j\data] for files matching pattern [C:/PROJETS/TWS PROJETS/TableObjectMapper/target/test-classes/com/myamoto/exceltoobject4j/**/*.class]
686  [main] DEBUG org.springframework.core.io.support.PathMatchingResourcePatternResolver  - Looking for matching resources in directory tree [C:\PROJETS\TWS PROJETS\TableObjectMapper\target\classes\com\myamoto\exceltoobject4j]
687  [main] DEBUG org.springframework.core.io.support.PathMatchingResourcePatternResolver  - Searching directory [C:\PROJETS\TWS PROJETS\TableObjectMapper\target\classes\com\myamoto\exceltoobject4j] for files matching pattern [C:/PROJETS/TWS PROJETS/TableObjectMapper/target/classes/com/myamoto/exceltoobject4j/**/*.class]
687  [main] DEBUG org.springframework.core.io.support.PathMatchingResourcePatternResolver  - Searching directory [C:\PROJETS\TWS PROJETS\TableObjectMapper\target\classes\com\myamoto\exceltoobject4j\dao] for files matching pattern [C:/PROJETS/TWS PROJETS/TableObjectMapper/target/classes/com/myamoto/exceltoobject4j/**/*.class]
689  [main] DEBUG org.springframework.core.io.support.PathMatchingResourcePatternResolver  - Searching directory [C:\PROJETS\TWS PROJETS\TableObjectMapper\target\classes\com\myamoto\exceltoobject4j\dao\reader] for files matching pattern [C:/PROJETS/TWS PROJETS/TableObjectMapper/target/classes/com/myamoto/exceltoobject4j/**/*.class]
694  [main] DEBUG org.springframework.core.io.support.PathMatchingResourcePatternResolver  - Searching directory [C:\PROJETS\TWS PROJETS\TableObjectMapper\target\classes\com\myamoto\exceltoobject4j\dao\writer] for files matching pattern [C:/PROJETS/TWS PROJETS/TableObjectMapper/target/classes/com/myamoto/exceltoobject4j/**/*.class]
695  [main] DEBUG org.springframework.core.io.support.PathMatchingResourcePatternResolver  - Searching directory [C:\PROJETS\TWS PROJETS\TableObjectMapper\target\classes\com\myamoto\exceltoobject4j\service] for files matching pattern [C:/PROJETS/TWS PROJETS/TableObjectMapper/target/classes/com/myamoto/exceltoobject4j/**/*.class]
697  [main] DEBUG org.springframework.core.io.support.PathMatchingResourcePatternResolver  - Searching directory [C:\PROJETS\TWS PROJETS\TableObjectMapper\target\classes\com\myamoto\exceltoobject4j\tableobjectmapping] for files matching pattern [C:/PROJETS/TWS PROJETS/TableObjectMapper/target/classes/com/myamoto/exceltoobject4j/**/*.class]
700  [main] DEBUG org.springframework.core.io.support.PathMatchingResourcePatternResolver  - Resolved location pattern [classpath*:com/myamoto/exceltoobject4j/**/*.class] to resources [file [C:\PROJETS\TWS PROJETS\TableObjectMapper\target\test-classes\com\myamoto\exceltoobject4j\data\Pile.class], file [C:\PROJETS\TWS PROJETS\TableObjectMapper\target\test-classes\com\myamoto\exceltoobject4j\data\Pont.class], file [C:\PROJETS\TWS PROJETS\TableObjectMapper\target\test-classes\com\myamoto\exceltoobject4j\data\TypePile.class], file [C:\PROJETS\TWS PROJETS\TableObjectMapper\target\test-classes\com\myamoto\exceltoobject4j\TestLauncher.class], file [C:\PROJETS\TWS PROJETS\TableObjectMapper\target\classes\com\myamoto\exceltoobject4j\dao\reader\CSVFileReader.class], file [C:\PROJETS\TWS PROJETS\TableObjectMapper\target\classes\com\myamoto\exceltoobject4j\dao\reader\ExcelFileReader.class], file [C:\PROJETS\TWS PROJETS\TableObjectMapper\target\classes\com\myamoto\exceltoobject4j\dao\reader\FileReaderFactory.class], file [C:\PROJETS\TWS PROJETS\TableObjectMapper\target\classes\com\myamoto\exceltoobject4j\dao\reader\ITableFileReader.class], file [C:\PROJETS\TWS PROJETS\TableObjectMapper\target\classes\com\myamoto\exceltoobject4j\dao\reader\OpenOfficeFileReader.class], file [C:\PROJETS\TWS PROJETS\TableObjectMapper\target\classes\com\myamoto\exceltoobject4j\dao\reader\TableFileReader.class], file [C:\PROJETS\TWS PROJETS\TableObjectMapper\target\classes\com\myamoto\exceltoobject4j\dao\TableContent.class], file [C:\PROJETS\TWS PROJETS\TableObjectMapper\target\classes\com\myamoto\exceltoobject4j\dao\TableObjectMappingReader.class], file [C:\PROJETS\TWS PROJETS\TableObjectMapper\target\classes\com\myamoto\exceltoobject4j\dao\writer\TableFileWriter.class], file [C:\PROJETS\TWS PROJETS\TableObjectMapper\target\classes\com\myamoto\exceltoobject4j\ExToObj4jException.class], file [C:\PROJETS\TWS PROJETS\TableObjectMapper\target\classes\com\myamoto\exceltoobject4j\service\TableObjectMapper.class], file [C:\PROJETS\TWS PROJETS\TableObjectMapper\target\classes\com\myamoto\exceltoobject4j\tableobjectmapping\FieldMapper.class], file [C:\PROJETS\TWS PROJETS\TableObjectMapper\target\classes\com\myamoto\exceltoobject4j\tableobjectmapping\ObjectFactory.class], file [C:\PROJETS\TWS PROJETS\TableObjectMapper\target\classes\com\myamoto\exceltoobject4j\tableobjectmapping\package-info.class], file [C:\PROJETS\TWS PROJETS\TableObjectMapper\target\classes\com\myamoto\exceltoobject4j\tableobjectmapping\TableObjectMapping.class], file [C:\PROJETS\TWS PROJETS\TableObjectMapper\target\classes\com\myamoto\exceltoobject4j\tableobjectmapping\TypeMapper.class]]
874  [main] DEBUG org.springframework.beans.factory.xml.XmlBeanDefinitionReader  - Loaded 9 bean definitions from location pattern [spring.xml]
874  [main] DEBUG org.springframework.context.support.ClassPathXmlApplicationContext  - Bean factory for org.springframework.context.support.ClassPathXmlApplicationContext@2586d9a: org.springframework.beans.factory.support.DefaultListableBeanFactory@159fdae5: defining beans [org.springframework.context.annotation.internalConfigurationAnnotationProcessor,org.springframework.context.annotation.internalAutowiredAnnotationProcessor,org.springframework.context.annotation.internalRequiredAnnotationProcessor,org.springframework.context.annotation.internalCommonAnnotationProcessor,tableObjectMappingReader,tableFileReader,fileReaderFactory,tableFileWriter,tableObjectMapper]; root of factory hierarchy
949  [main] DEBUG org.springframework.beans.factory.support.DefaultListableBeanFactory  - Creating shared instance of singleton bean 'org.springframework.context.annotation.internalConfigurationAnnotationProcessor'
949  [main] DEBUG org.springframework.beans.factory.support.DefaultListableBeanFactory  - Creating instance of bean 'org.springframework.context.annotation.internalConfigurationAnnotationProcessor'
983  [main] DEBUG org.springframework.beans.factory.support.DefaultListableBeanFactory  - Eagerly caching bean 'org.springframework.context.annotation.internalConfigurationAnnotationProcessor' to allow for resolving potential circular references
987  [main] DEBUG org.springframework.beans.factory.support.DefaultListableBeanFactory  - Finished creating instance of bean 'org.springframework.context.annotation.internalConfigurationAnnotationProcessor'
1016 [main] DEBUG org.springframework.beans.factory.support.DefaultListableBeanFactory  - Creating shared instance of singleton bean 'org.springframework.context.annotation.internalAutowiredAnnotationProcessor'
1017 [main] DEBUG org.springframework.beans.factory.support.DefaultListableBeanFactory  - Creating instance of bean 'org.springframework.context.annotation.internalAutowiredAnnotationProcessor'
1020 [main] DEBUG org.springframework.beans.factory.support.DefaultListableBeanFactory  - Eagerly caching bean 'org.springframework.context.annotation.internalAutowiredAnnotationProcessor' to allow for resolving potential circular references
1020 [main] DEBUG org.springframework.beans.factory.support.DefaultListableBeanFactory  - Finished creating instance of bean 'org.springframework.context.annotation.internalAutowiredAnnotationProcessor'
1020 [main] DEBUG org.springframework.beans.factory.support.DefaultListableBeanFactory  - Creating shared instance of singleton bean 'org.springframework.context.annotation.internalRequiredAnnotationProcessor'
1021 [main] DEBUG org.springframework.beans.factory.support.DefaultListableBeanFactory  - Creating instance of bean 'org.springframework.context.annotation.internalRequiredAnnotationProcessor'
1022 [main] DEBUG org.springframework.beans.factory.support.DefaultListableBeanFactory  - Eagerly caching bean 'org.springframework.context.annotation.internalRequiredAnnotationProcessor' to allow for resolving potential circular references
1022 [main] DEBUG org.springframework.beans.factory.support.DefaultListableBeanFactory  - Finished creating instance of bean 'org.springframework.context.annotation.internalRequiredAnnotationProcessor'
1022 [main] DEBUG org.springframework.beans.factory.support.DefaultListableBeanFactory  - Creating shared instance of singleton bean 'org.springframework.context.annotation.internalCommonAnnotationProcessor'
1023 [main] DEBUG org.springframework.beans.factory.support.DefaultListableBeanFactory  - Creating instance of bean 'org.springframework.context.annotation.internalCommonAnnotationProcessor'
1029 [main] DEBUG org.springframework.beans.factory.support.DefaultListableBeanFactory  - Eagerly caching bean 'org.springframework.context.annotation.internalCommonAnnotationProcessor' to allow for resolving potential circular references
1030 [main] DEBUG org.springframework.beans.factory.support.DefaultListableBeanFactory  - Finished creating instance of bean 'org.springframework.context.annotation.internalCommonAnnotationProcessor'
1030 [main] DEBUG org.springframework.beans.factory.support.DefaultListableBeanFactory  - Creating shared instance of singleton bean 'org.springframework.context.annotation.ConfigurationClassPostProcessor.importAwareProcessor'
1030 [main] DEBUG org.springframework.beans.factory.support.DefaultListableBeanFactory  - Creating instance of bean 'org.springframework.context.annotation.ConfigurationClassPostProcessor.importAwareProcessor'
1031 [main] DEBUG org.springframework.beans.factory.support.DefaultListableBeanFactory  - Eagerly caching bean 'org.springframework.context.annotation.ConfigurationClassPostProcessor.importAwareProcessor' to allow for resolving potential circular references
1031 [main] DEBUG org.springframework.beans.factory.support.DefaultListableBeanFactory  - Finished creating instance of bean 'org.springframework.context.annotation.ConfigurationClassPostProcessor.importAwareProcessor'
1037 [main] DEBUG org.springframework.context.support.ClassPathXmlApplicationContext  - Unable to locate MessageSource with name 'messageSource': using default [org.springframework.context.support.DelegatingMessageSource@273ea9d0]
1050 [main] DEBUG org.springframework.context.support.ClassPathXmlApplicationContext  - Unable to locate ApplicationEventMulticaster with name 'applicationEventMulticaster': using default [org.springframework.context.event.SimpleApplicationEventMulticaster@19dd7e54]
1054 [main] INFO  org.springframework.beans.factory.support.DefaultListableBeanFactory  - Pre-instantiating singletons in org.springframework.beans.factory.support.DefaultListableBeanFactory@159fdae5: defining beans [org.springframework.context.annotation.internalConfigurationAnnotationProcessor,org.springframework.context.annotation.internalAutowiredAnnotationProcessor,org.springframework.context.annotation.internalRequiredAnnotationProcessor,org.springframework.context.annotation.internalCommonAnnotationProcessor,tableObjectMappingReader,tableFileReader,fileReaderFactory,tableFileWriter,tableObjectMapper,org.springframework.context.annotation.ConfigurationClassPostProcessor.importAwareProcessor]; root of factory hierarchy
1054 [main] DEBUG org.springframework.beans.factory.support.DefaultListableBeanFactory  - Returning cached instance of singleton bean 'org.springframework.context.annotation.internalConfigurationAnnotationProcessor'
1054 [main] DEBUG org.springframework.beans.factory.support.DefaultListableBeanFactory  - Returning cached instance of singleton bean 'org.springframework.context.annotation.internalAutowiredAnnotationProcessor'
1054 [main] DEBUG org.springframework.beans.factory.support.DefaultListableBeanFactory  - Returning cached instance of singleton bean 'org.springframework.context.annotation.internalRequiredAnnotationProcessor'
1054 [main] DEBUG org.springframework.beans.factory.support.DefaultListableBeanFactory  - Returning cached instance of singleton bean 'org.springframework.context.annotation.internalCommonAnnotationProcessor'
1055 [main] DEBUG org.springframework.beans.factory.support.DefaultListableBeanFactory  - Creating shared instance of singleton bean 'tableObjectMappingReader'
1055 [main] DEBUG org.springframework.beans.factory.support.DefaultListableBeanFactory  - Creating instance of bean 'tableObjectMappingReader'
1061 [main] DEBUG org.springframework.beans.factory.support.DefaultListableBeanFactory  - Eagerly caching bean 'tableObjectMappingReader' to allow for resolving potential circular references
1082 [main] DEBUG org.springframework.beans.factory.support.DefaultListableBeanFactory  - Finished creating instance of bean 'tableObjectMappingReader'
1083 [main] DEBUG org.springframework.beans.factory.support.DefaultListableBeanFactory  - Creating shared instance of singleton bean 'tableFileReader'
1083 [main] DEBUG org.springframework.beans.factory.support.DefaultListableBeanFactory  - Creating instance of bean 'tableFileReader'
1094 [main] DEBUG org.springframework.beans.factory.annotation.InjectionMetadata  - Registered injected element on class [com.myamoto.exceltoobject4j.dao.reader.TableFileReader]: ResourceElement for private com.myamoto.exceltoobject4j.dao.reader.FileReaderFactory com.myamoto.exceltoobject4j.dao.reader.TableFileReader.fileReaderFactory
1094 [main] DEBUG org.springframework.beans.factory.support.DefaultListableBeanFactory  - Eagerly caching bean 'tableFileReader' to allow for resolving potential circular references
1099 [main] DEBUG org.springframework.beans.factory.annotation.InjectionMetadata  - Processing injected method of bean 'tableFileReader': ResourceElement for private com.myamoto.exceltoobject4j.dao.reader.FileReaderFactory com.myamoto.exceltoobject4j.dao.reader.TableFileReader.fileReaderFactory
1100 [main] DEBUG org.springframework.beans.factory.support.DefaultListableBeanFactory  - Creating shared instance of singleton bean 'fileReaderFactory'
1100 [main] DEBUG org.springframework.beans.factory.support.DefaultListableBeanFactory  - Creating instance of bean 'fileReaderFactory'
1102 [main] DEBUG org.springframework.beans.factory.support.DefaultListableBeanFactory  - Eagerly caching bean 'fileReaderFactory' to allow for resolving potential circular references
1110 [main] DEBUG org.springframework.beans.factory.support.DefaultListableBeanFactory  - Finished creating instance of bean 'fileReaderFactory'
1111 [main] DEBUG org.springframework.beans.factory.support.DefaultListableBeanFactory  - Finished creating instance of bean 'tableFileReader'
1111 [main] DEBUG org.springframework.beans.factory.support.DefaultListableBeanFactory  - Returning cached instance of singleton bean 'fileReaderFactory'
1112 [main] DEBUG org.springframework.beans.factory.support.DefaultListableBeanFactory  - Creating shared instance of singleton bean 'tableFileWriter'
1112 [main] DEBUG org.springframework.beans.factory.support.DefaultListableBeanFactory  - Creating instance of bean 'tableFileWriter'
1113 [main] DEBUG org.springframework.beans.factory.support.DefaultListableBeanFactory  - Eagerly caching bean 'tableFileWriter' to allow for resolving potential circular references
1119 [main] DEBUG org.springframework.beans.factory.support.DefaultListableBeanFactory  - Finished creating instance of bean 'tableFileWriter'
1119 [main] DEBUG org.springframework.beans.factory.support.DefaultListableBeanFactory  - Creating shared instance of singleton bean 'tableObjectMapper'
1119 [main] DEBUG org.springframework.beans.factory.support.DefaultListableBeanFactory  - Creating instance of bean 'tableObjectMapper'
1121 [main] DEBUG org.springframework.beans.factory.annotation.InjectionMetadata  - Registered injected element on class [com.myamoto.exceltoobject4j.service.TableObjectMapper]: ResourceElement for private com.myamoto.exceltoobject4j.dao.TableObjectMappingReader com.myamoto.exceltoobject4j.service.TableObjectMapper.tableObjectMappingReader
1121 [main] DEBUG org.springframework.beans.factory.annotation.InjectionMetadata  - Registered injected element on class [com.myamoto.exceltoobject4j.service.TableObjectMapper]: ResourceElement for private com.myamoto.exceltoobject4j.dao.reader.TableFileReader com.myamoto.exceltoobject4j.service.TableObjectMapper.tableFileReader
1121 [main] DEBUG org.springframework.beans.factory.annotation.InjectionMetadata  - Registered injected element on class [com.myamoto.exceltoobject4j.service.TableObjectMapper]: ResourceElement for private com.myamoto.exceltoobject4j.dao.writer.TableFileWriter com.myamoto.exceltoobject4j.service.TableObjectMapper.tableFileWriter
1122 [main] DEBUG org.springframework.beans.factory.support.DefaultListableBeanFactory  - Eagerly caching bean 'tableObjectMapper' to allow for resolving potential circular references
1131 [main] DEBUG org.springframework.beans.factory.annotation.InjectionMetadata  - Processing injected method of bean 'tableObjectMapper': ResourceElement for private com.myamoto.exceltoobject4j.dao.TableObjectMappingReader com.myamoto.exceltoobject4j.service.TableObjectMapper.tableObjectMappingReader
1132 [main] DEBUG org.springframework.beans.factory.support.DefaultListableBeanFactory  - Returning cached instance of singleton bean 'tableObjectMappingReader'
1132 [main] DEBUG org.springframework.beans.factory.annotation.InjectionMetadata  - Processing injected method of bean 'tableObjectMapper': ResourceElement for private com.myamoto.exceltoobject4j.dao.reader.TableFileReader com.myamoto.exceltoobject4j.service.TableObjectMapper.tableFileReader
1132 [main] DEBUG org.springframework.beans.factory.support.DefaultListableBeanFactory  - Returning cached instance of singleton bean 'tableFileReader'
1132 [main] DEBUG org.springframework.beans.factory.annotation.InjectionMetadata  - Processing injected method of bean 'tableObjectMapper': ResourceElement for private com.myamoto.exceltoobject4j.dao.writer.TableFileWriter com.myamoto.exceltoobject4j.service.TableObjectMapper.tableFileWriter
1132 [main] DEBUG org.springframework.beans.factory.support.DefaultListableBeanFactory  - Returning cached instance of singleton bean 'tableFileWriter'
1133 [main] DEBUG org.springframework.beans.factory.support.DefaultListableBeanFactory  - Finished creating instance of bean 'tableObjectMapper'
1133 [main] DEBUG org.springframework.beans.factory.support.DefaultListableBeanFactory  - Returning cached instance of singleton bean 'org.springframework.context.annotation.ConfigurationClassPostProcessor.importAwareProcessor'
1135 [main] DEBUG org.springframework.context.support.ClassPathXmlApplicationContext  - Unable to locate LifecycleProcessor with name 'lifecycleProcessor': using default [org.springframework.context.support.DefaultLifecycleProcessor@752f4771]
1136 [main] DEBUG org.springframework.beans.factory.support.DefaultListableBeanFactory  - Returning cached instance of singleton bean 'lifecycleProcessor'
1139 [main] DEBUG org.springframework.core.env.PropertySourcesPropertyResolver  - Searching for key 'spring.liveBeansView.mbeanDomain' in [systemProperties]
1139 [main] DEBUG org.springframework.core.env.PropertySourcesPropertyResolver  - Searching for key 'spring.liveBeansView.mbeanDomain' in [systemEnvironment]
1140 [main] DEBUG org.springframework.core.env.PropertySourcesPropertyResolver  - Could not find key 'spring.liveBeansView.mbeanDomain' in any property source. Returning [null]
1141 [main] DEBUG org.springframework.beans.factory.support.DefaultListableBeanFactory  - Returning cached instance of singleton bean 'tableObjectMapper'
1141 [main] DEBUG com.myamoto.exceltoobject4j.service.TableObjectMapper  - importing objects ./src/test/resources/simpledatas.csv // ./src/test/resources/tableobjectmapping_example.xml
1141 [main] DEBUG com.myamoto.exceltoobject4j.dao.TableObjectMappingReader  - Validating .\src\test\resources\tableobjectmapping_example.xml
1167 [main] DEBUG com.myamoto.exceltoobject4j.dao.TableObjectMappingReader  - schema .\src\test\resources\tableobjectmapping_example.xml is valid.
1167 [main] DEBUG com.myamoto.exceltoobject4j.dao.TableObjectMappingReader  - unmarshalling .\src\test\resources\tableobjectmapping_example.xml
1373 [main] DEBUG com.myamoto.exceltoobject4j.service.TableObjectMapper  - got mapping file TableObjectMapping [typeMapper=[TypeMapper [fieldMapper=[FieldMapper [name=id, identificator=true], FieldMapper [name=name, identificator=null], FieldMapper [name=pileList, identificator=null]], className=com.myamoto.exceltoobject4j.data.Pont], TypeMapper [fieldMapper=[FieldMapper [name=id, identificator=true], FieldMapper [name=name, identificator=null], FieldMapper [name=type, identificator=null]], className=com.myamoto.exceltoobject4j.data.Pile], TypeMapper [fieldMapper=[FieldMapper [name=nom, identificator=true]], className=com.myamoto.exceltoobject4j.data.TypePile]]]
1375 [main] INFO  org.springframework.context.support.ClassPathXmlApplicationContext  - Closing org.springframework.context.support.ClassPathXmlApplicationContext@2586d9a: startup date [Wed Aug 28 18:45:43 CEST 2013]; root of context hierarchy
1376 [main] DEBUG org.springframework.beans.factory.support.DefaultListableBeanFactory  - Returning cached instance of singleton bean 'lifecycleProcessor'
1376 [main] INFO  org.springframework.beans.factory.support.DefaultListableBeanFactory  - Destroying singletons in org.springframework.beans.factory.support.DefaultListableBeanFactory@159fdae5: defining beans [org.springframework.context.annotation.internalConfigurationAnnotationProcessor,org.springframework.context.annotation.internalAutowiredAnnotationProcessor,org.springframework.context.annotation.internalRequiredAnnotationProcessor,org.springframework.context.annotation.internalCommonAnnotationProcessor,tableObjectMappingReader,tableFileReader,fileReaderFactory,tableFileWriter,tableObjectMapper,org.springframework.context.annotation.ConfigurationClassPostProcessor.importAwareProcessor]; root of factory hierarchy
